09:40:53[ main]ERROR|c.s.x.b.v.r.r.o.Injector |null
java.security.PrivilegedActionException: null
	at java.base/java.security.AccessController.doPrivileged(AccessController.java:573)
	at com.sun.xml.bind.v2.runtime.reflect.opt.Injector.<clinit>(Injector.java:166)
	at com.sun.xml.bind.v2.runtime.reflect.opt.AccessorInjector.prepare(AccessorInjector.java:51)
	at com.sun.xml.bind.v2.runtime.reflect.opt.OptimizedAccessorFactory.get(OptimizedAccessorFactory.java:157)
	at com.sun.xml.bind.v2.runtime.reflect.Accessor$FieldReflection.optimize(Accessor.java:255)
	at com.sun.xml.bind.v2.runtime.property.SingleElementLeafProperty.<init>(SingleElementLeafProperty.java:62)
	at java.base/jdk.internal.reflect.NativeConstructorAccessorImpl.newInstance0(Native Method)
	at java.base/jdk.internal.reflect.NativeConstructorAccessorImpl.newInstance(NativeConstructorAccessorImpl.java:77)
	at java.base/jdk.internal.reflect.DelegatingConstructorAccessorImpl.newInstance(DelegatingConstructorAccessorImpl.java:45)
	at java.base/java.lang.reflect.Constructor.newInstanceWithCaller(Constructor.java:499)
	at java.base/java.lang.reflect.Constructor.newInstance(Constructor.java:480)
	at com.sun.xml.bind.v2.runtime.property.PropertyFactory.create(PropertyFactory.java:99)
	at com.sun.xml.bind.v2.runtime.ClassBeanInfoImpl.<init>(ClassBeanInfoImpl.java:150)
	at com.sun.xml.bind.v2.runtime.JAXBContextImpl.getOrCreate(JAXBContextImpl.java:493)
	at com.sun.xml.bind.v2.runtime.JAXBContextImpl.<init>(JAXBContextImpl.java:310)
	at com.sun.xml.bind.v2.runtime.JAXBContextImpl.<init>(JAXBContextImpl.java:109)
	at com.sun.xml.bind.v2.runtime.JAXBContextImpl$JAXBContextBuilder.build(JAXBContextImpl.java:1142)
	at com.sun.xml.bind.v2.ContextFactory.createContext(ContextFactory.java:141)
	at com.sun.xml.bind.v2.JAXBContextFactory.createContext(JAXBContextFactory.java:35)
	at javax.xml.bind.ContextFinder.find(ContextFinder.java:404)
	at javax.xml.bind.JAXBContext.newInstance(JAXBContext.java:721)
	at javax.xml.bind.JAXBContext.newInstance(JAXBContext.java:662)
	at eu.eucise.xml.DefaultXmlMapper.newJaxbContext(DefaultXmlMapper.java:180)
	at eu.eucise.xml.DefaultXmlMapper.<init>(DefaultXmlMapper.java:78)
	at eu.eucise.xml.DefaultXmlMapper.<init>(DefaultXmlMapper.java:66)
	at eu.cise.sim.dropw.context.DefaultAppContext.<init>(DefaultAppContext.java:81)
	at eu.cise.sim.dropw.SimApp.run(SimApp.java:135)
	at eu.cise.sim.dropw.SimApp.run(SimApp.java:64)
	at io.dropwizard.cli.EnvironmentCommand.run(EnvironmentCommand.java:43)
	at io.dropwizard.cli.ConfiguredCommand.run(ConfiguredCommand.java:87)
	at io.dropwizard.cli.Cli.run(Cli.java:78)
	at io.dropwizard.Application.run(Application.java:93)
	at eu.cise.sim.dropw.SimApp.main(SimApp.java:75)
Caused by: java.lang.NoSuchMethodException: sun.misc.Unsafe.defineClass(java.lang.String,[B,int,int,java.lang.ClassLoader,java.security.ProtectionDomain)
	at java.base/java.lang.Class.getMethod(Class.java:2227)
	at com.sun.xml.bind.v2.runtime.reflect.opt.Injector$3.run(Injector.java:170)
	at com.sun.xml.bind.v2.runtime.reflect.opt.Injector$3.run(Injector.java:166)
	at java.base/java.security.AccessController.doPrivileged(AccessController.java:569)
	... 32 common frames omitted
